android/app/build/intermediates/manifest_merge_blame_file/debug/manifest-merger-blame-debug-report.txt
1<?xml version="1.0" encoding="utf-8"?>
2<manifest xmlns:android="http://schemas.android.com/apk/res/android"
3    package="com.abet.movil"
4    android:versionCode="10"
5    android:versionName="1.1.5" >
6
7    <uses-sdk
8        android:minSdkVersion="22"
8-->src\main\AndroidManifest.xml
9        android:targetSdkVersion="33" />
9-->src\main\AndroidManifest.xml
10
11    <!-- Permissions -->
12
13    <uses-permission android:name="android.permission.INTERNET" />
13-->src\main\AndroidManifest.xml:43:5-67
13-->src\main\AndroidManifest.xml:43:22-64
14    <uses-permission android:name="android.permission.BIND_DEVICE_ADMIN" />
14-->src\main\AndroidManifest.xml:44:6-77
14-->src\main\AndroidManifest.xml:44:23-74
15    <uses-permission android:name="android.permission.VIBRATE" />
15-->[:capacitor-haptics] AndroidManifest.xml:7:5-66
15-->[:capacitor-haptics] AndroidManifest.xml:7:22-63
16
17    <permission
17-->[androidx.core:core:1.10.0] AndroidManifest.xml:22:5-24:47
18        android:name="com.abet.movil.DYNAMIC_RECEIVER_NOT_EXPORTED_PERMISSION"
18-->[androidx.core:core:1.10.0] AndroidManifest.xml:23:9-81
19        android:protectionLevel="signature" />
19-->[androidx.core:core:1.10.0] AndroidManifest.xml:24:9-44
20
21    <uses-permission android:name="com.abet.movil.DYNAMIC_RECEIVER_NOT_EXPORTED_PERMISSION" />
21-->[androidx.core:core:1.10.0] AndroidManifest.xml:26:5-97
21-->[androidx.core:core:1.10.0] AndroidManifest.xml:26:22-94
22
23    <application
23-->src\main\AndroidManifest.xml:5:5-39:19
24        android:allowBackup="true"
24-->src\main\AndroidManifest.xml:7:9-35
25        android:appComponentFactory="androidx.core.app.CoreComponentFactory"
25-->[androidx.core:core:1.10.0] AndroidManifest.xml:28:18-86
26        android:debuggable="true"
27        android:icon="@mipmap/ic_launcher"
27-->src\main\AndroidManifest.xml:8:9-43
28        android:label="@string/app_name"
28-->src\main\AndroidManifest.xml:9:9-41
29        android:roundIcon="@mipmap/ic_launcher_round"
29-->src\main\AndroidManifest.xml:10:9-54
30        android:supportsRtl="true"
30-->src\main\AndroidManifest.xml:11:9-35
31        android:testOnly="true"
32        android:theme="@style/AppTheme"
32-->src\main\AndroidManifest.xml:12:9-40
33        android:usesCleartextTraffic="true" >
33-->src\main\AndroidManifest.xml:6:9-44
34        <activity
34-->src\main\AndroidManifest.xml:14:9-28:20
35            android:name="com.abet.movil.MainActivity"
35-->src\main\AndroidManifest.xml:16:13-55
36            android:configChanges="orientation|keyboardHidden|keyboard|screenSize|locale|smallestScreenSize|screenLayout|uiMode"
36-->src\main\AndroidManifest.xml:15:13-129
37            android:exported="true"
37-->src\main\AndroidManifest.xml:20:13-36
38            android:label="@string/title_activity_main"
38-->src\main\AndroidManifest.xml:17:13-56
39            android:launchMode="singleTask"
39-->src\main\AndroidManifest.xml:19:13-44
40            android:theme="@style/AppTheme.NoActionBarLaunch" >
40-->src\main\AndroidManifest.xml:18:13-62
41            <intent-filter>
41-->src\main\AndroidManifest.xml:22:13-26:29
42                <action android:name="android.intent.action.MAIN" />
42-->src\main\AndroidManifest.xml:23:17-69
42-->src\main\AndroidManifest.xml:23:25-66
43                <action android:name="android.app.action.DEVICE_ADMIN_ENABLED" />
43-->src\main\AndroidManifest.xml:24:17-82
43-->src\main\AndroidManifest.xml:24:25-79
44
45                <category android:name="android.intent.category.LAUNCHER" />
45-->src\main\AndroidManifest.xml:25:17-77
45-->src\main\AndroidManifest.xml:25:27-74
46            </intent-filter>
47        </activity>
48
49        <provider
50            android:name="androidx.core.content.FileProvider"
50-->src\main\AndroidManifest.xml:31:13-62
51            android:authorities="com.abet.movil.fileprovider"
51-->src\main\AndroidManifest.xml:32:13-64
52            android:exported="false"
52-->src\main\AndroidManifest.xml:33:13-37
53            android:grantUriPermissions="true" >
53-->src\main\AndroidManifest.xml:34:13-47
54            <meta-data
54-->src\main\AndroidManifest.xml:35:13-37:64
55                android:name="android.support.FILE_PROVIDER_PATHS"
55-->src\main\AndroidManifest.xml:36:17-67
56                android:resource="@xml/file_paths" />
56-->src\main\AndroidManifest.xml:37:17-51
57        </provider>
58
59        <meta-data
59-->[:capacitor-cordova-android-plugins] AndroidManifest.xml:11:9-13:36
60            android:name="android.max_aspect"
60-->[:capacitor-cordova-android-plugins] AndroidManifest.xml:12:13-46
61            android:value="2.16" />
61-->[:capacitor-cordova-android-plugins] AndroidManifest.xml:13:13-33
62
63        <activity
63-->[:capacitor-cordova-android-plugins] AndroidManifest.xml:15:9-18:51
64            android:name="com.hutchind.cordova.plugins.streamingmedia.SimpleAudioStream"
64-->[:capacitor-cordova-android-plugins] AndroidManifest.xml:16:13-89
65            android:configChanges="orientation|screenSize"
65-->[:capacitor-cordova-android-plugins] AndroidManifest.xml:17:13-59
66            android:label="Simple Audio Stream" />
66-->[:capacitor-cordova-android-plugins] AndroidManifest.xml:18:13-48
67        <activity
67-->[:capacitor-cordova-android-plugins] AndroidManifest.xml:19:9-22:51
68            android:name="com.hutchind.cordova.plugins.streamingmedia.SimpleVideoStream"
68-->[:capacitor-cordova-android-plugins] AndroidManifest.xml:20:13-89
69            android:configChanges="orientation|screenSize"
69-->[:capacitor-cordova-android-plugins] AndroidManifest.xml:21:13-59
70            android:label="Simple Video Stream" />
70-->[:capacitor-cordova-android-plugins] AndroidManifest.xml:22:13-48
71
72        <provider
72-->[androidx.emoji2:emoji2:1.2.0] AndroidManifest.xml:24:9-32:20
73            android:name="androidx.startup.InitializationProvider"
73-->[androidx.emoji2:emoji2:1.2.0] AndroidManifest.xml:25:13-67
74            android:authorities="com.abet.movil.androidx-startup"
74-->[androidx.emoji2:emoji2:1.2.0] AndroidManifest.xml:26:13-68
75            android:exported="false" >
75-->[androidx.emoji2:emoji2:1.2.0] AndroidManifest.xml:27:13-37
76            <meta-data
76-->[androidx.emoji2:emoji2:1.2.0] AndroidManifest.xml:29:13-31:52
77                android:name="androidx.emoji2.text.EmojiCompatInitializer"
77-->[androidx.emoji2:emoji2:1.2.0] AndroidManifest.xml:30:17-75
78                android:value="androidx.startup" />
78-->[androidx.emoji2:emoji2:1.2.0] AndroidManifest.xml:31:17-49
79            <meta-data
79-->[androidx.lifecycle:lifecycle-process:2.6.1] AndroidManifest.xml:29:13-31:52
80                android:name="androidx.lifecycle.ProcessLifecycleInitializer"
80-->[androidx.lifecycle:lifecycle-process:2.6.1] AndroidManifest.xml:30:17-78
81                android:value="androidx.startup" />
81-->[androidx.lifecycle:lifecycle-process:2.6.1] AndroidManifest.xml:31:17-49
82            <meta-data
82-->[androidx.profileinstaller:profileinstaller:1.3.0] AndroidManifest.xml:29:13-31:52
83                android:name="androidx.profileinstaller.ProfileInstallerInitializer"
83-->[androidx.profileinstaller:profileinstaller:1.3.0] AndroidManifest.xml:30:17-85
84                android:value="androidx.startup" />
84-->[androidx.profileinstaller:profileinstaller:1.3.0] AndroidManifest.xml:31:17-49
85        </provider>
86
87        <receiver
87-->[androidx.profileinstaller:profileinstaller:1.3.0] AndroidManifest.xml:34:9-52:20
88            android:name="androidx.profileinstaller.ProfileInstallReceiver"
88-->[androidx.profileinstaller:profileinstaller:1.3.0] AndroidManifest.xml:35:13-76
89            android:directBootAware="false"
89-->[androidx.profileinstaller:profileinstaller:1.3.0] AndroidManifest.xml:36:13-44
90            android:enabled="true"
90-->[androidx.profileinstaller:profileinstaller:1.3.0] AndroidManifest.xml:37:13-35
91            android:exported="true"
91-->[androidx.profileinstaller:profileinstaller:1.3.0] AndroidManifest.xml:38:13-36
92            android:permission="android.permission.DUMP" >
92-->[androidx.profileinstaller:profileinstaller:1.3.0] AndroidManifest.xml:39:13-57
93            <intent-filter>
93-->[androidx.profileinstaller:profileinstaller:1.3.0] AndroidManifest.xml:40:13-42:29
94                <action android:name="androidx.profileinstaller.action.INSTALL_PROFILE" />
94-->[androidx.profileinstaller:profileinstaller:1.3.0] AndroidManifest.xml:41:17-91
94-->[androidx.profileinstaller:profileinstaller:1.3.0] AndroidManifest.xml:41:25-88
95            </intent-filter>
96            <intent-filter>
96-->[androidx.profileinstaller:profileinstaller:1.3.0] AndroidManifest.xml:43:13-45:29
97                <action android:name="androidx.profileinstaller.action.SKIP_FILE" />
97-->[androidx.profileinstaller:profileinstaller:1.3.0] AndroidManifest.xml:44:17-85
97-->[androidx.profileinstaller:profileinstaller:1.3.0] AndroidManifest.xml:44:25-82
98            </intent-filter>
99            <intent-filter>
99-->[androidx.profileinstaller:profileinstaller:1.3.0] AndroidManifest.xml:46:13-48:29
100                <action android:name="androidx.profileinstaller.action.SAVE_PROFILE" />
100-->[androidx.profileinstaller:profileinstaller:1.3.0] AndroidManifest.xml:47:17-88
100-->[androidx.profileinstaller:profileinstaller:1.3.0] AndroidManifest.xml:47:25-85
101            </intent-filter>
102            <intent-filter>
102-->[androidx.profileinstaller:profileinstaller:1.3.0] AndroidManifest.xml:49:13-51:29
103                <action android:name="androidx.profileinstaller.action.BENCHMARK_OPERATION" />
103-->[androidx.profileinstaller:profileinstaller:1.3.0] AndroidManifest.xml:50:17-95
103-->[androidx.profileinstaller:profileinstaller:1.3.0] AndroidManifest.xml:50:25-92
104            </intent-filter>
105        </receiver>
106    </application>
107
108</manifest>